<?xml version="1.0" encoding="UTF-8"?>
<!-- Generated by org.testng.reporters.JUnitReportReporter -->
<testsuite hostname="WIN-M0MKCRCRNUL" failures="0" tests="1" name="Basics6" time="0.323" errors="0" timestamp="2019-11-11T22:19:32 MSK" skipped="0">
  <testcase classname="Basics6" name="JiraApiCreateIssue" time="0.323"/>
</testsuite> <!-- Basics6 -->
