<?xml version="1.0" encoding="UTF-8"?>
<!-- Generated by org.testng.reporters.JUnitReportReporter -->
<testsuite hostname="WIN-M0MKCRCRNUL" failures="0" tests="1" name="Basics8" time="0.186" errors="0" timestamp="2019-11-11T22:19:32 MSK" skipped="0">
  <testcase classname="Basics8" name="JiraApiUpdateComment" time="0.186"/>
</testsuite> <!-- Basics8 -->
