<?xml version="1.0" encoding="UTF-8"?>
<!-- Generated by org.testng.reporters.JUnitReportReporter -->
<testsuite hostname="WIN-M0MKCRCRNUL" failures="0" tests="1" name="Basics" time="3.959" errors="0" timestamp="2019-11-11T22:19:32 MSK" skipped="0">
  <testcase classname="Basics" name="getPlaceAPI" time="3.959"/>
</testsuite> <!-- Basics -->
